1387881590.0,20131224,K91,e5bd120e83874f814043d57f34b666ac,9c0fe644,2033891033202773,video_channel_in,-1,-1,-,-1,-1,-,-
1387881590.0,20131224,K91,829c82574df773872280ca3c5539d781,9c0fe644,2033891033202773,video_detail_out,-1,-1,-,363130,-1,-,-
1387881591.0,20131224,K91,2422206271b717445503ca21b69cacae,9c0fe644,2033891033202773,video_channel_out,-1,-1,-,-1,-1,-,-
1387881593.0,20131224,K91,7c0f63bf9e4ecd002ab549ab1e86e573,9c0fe644,2033891033202773,launcher_vod_trailer_play,-1,-1,-,-1,-1,-,-
1387881594.0,20131224,K91,69fa580486a5ad922caefb071a261f84,9c0fe644,2033891033202773,launcher_vod_click,-1,-1,-,-1,-1,-,-
1387881594.0,20131224,K91,aed63fc7b28a96876bb6727e1a7832d6,9c0fe644,2033891033202773,app_start,-1,-1,com.lenovo.dll.nebula.vod,-1,-1,-,-
1387881594.0,20131224,K91,abf34493b1157d3f7286b840c37d5fe0,9c0fe644,2033891033202773,video_channel_in,-1,-1,-,-1,-1,-,-
1387881598.0,20131224,K91,f153e265c84900c5c52429031645da33,9c0fe644,2033891033202773,video_channel_out,-1,-1,-,-1,-1,-,-
1387881599.0,20131224,K91,edf04697b254b268e4957c37f97ef382,9c0fe644,2033891033202773,launcher_vod_click,-1,-1,-,-1,-1,-,-
1387881600.0,20131224,K91,785cc9a2b39153fb70e79a0203e797ac,9c0fe644,2033891033202773,app_start,-1,-1,com.lenovo.dll.nebula.vod,-1,-1,-,-
1387881600.0,20131224,K91,27b8d49dc0c059fef7c30d45c159ce0d,9c0fe644,2033891033202773,video_channel_in,-1,-1,-,-1,-1,-,-
1387881602.0,20131224,K91,5105a6a040a1860c27f51d71e88c3a0b,9c0fe644,2033891033202773,video_channel_out,-1,-1,-,-1,-1,-,-
1387881602.0,20131224,K91,5dc15000ee9b0a7fcb077a07445d66e5,9c0fe644,2033891033202773,app_start,-1,-1,com.lenovo.nebula.settings,-1,-1,-,-
1387881621.0,20131224,K91,ea913c27d1b2d8cdf7b8fef9d585d275,9c0fe644,2033891033202773,app_start,-1,-1,cn.ismartv.speedtester,-1,-1,-,-
1387881698.0,20131224,K91,f4a64c8999996abfd1c3adf374f6eca8,9c0fe644,2033891033202773,video_channel_in,-1,-1,-,-1,-1,-,-
1387881702.0,20131224,K91,45fc93cfa899b09cbb569fc77171fdb8,9c0fe644,2033891033202773,video_channel_out,-1,-1,-,-1,-1,-,-
1387881702.0,20131224,K91,f4fea0c1a30699accd2ff13f941ac4b9,9c0fe644,2033891033202773,app_start,-1,-1,com.lenovo.dll.nebula.vod,-1,-1,-,-
1387881703.0,20131224,K91,4d28ee0f7a516b4292e4eee20f5a2630,9c0fe644,2033891033202773,video_start,-1,670787,-,364482,-1,-,-
1387881715.0,20131224,K91,f3a830b52f3a27b4167cb51b0135e601,9c0fe644,2033891033202773,video_except,-1,670787,servertimeout,364482,-1,-,-
1387881719.0,20131224,K91,1c7b205e430b23f9a5bc6f884e646b8a,9c0fe644,2033891033202773,video_channel_in,-1,-1,-,-1,-1,-,-
1387881720.0,20131224,K91,2653ee746cbdc6b70e14cc0627f6d428,9c0fe644,2033891033202773,video_exit,18,670787,-,364482,-1,-,-
1387881723.0,20131224,K91,510a005f6883a6ab2fdf9af839da779d,9c0fe644,2033891033202773,video_channel_out,-1,-1,-,-1,-1,-,-
1387881723.0,20131224,K91,75284cd7762fb10c4139966426a3d226,9c0fe644,2033891033202773,app_start,-1,-1,com.lenovo.dll.nebula.vod,-1,-1,-,-
1387881723.0,20131224,K91,ef4c110b651b2dd9bda3f1b78f7efd8c,9c0fe644,2033891033202773,video_start,-1,669379,-,363372,-1,-,-
1387881726.0,20131224,K91,88373a70ba731eeed18ea3d3199c5c2f,9c0fe644,2033891033202773,video_channel_in,-1,-1,-,-1,-1,-,-
1387881726.0,20131224,K91,552c52d8f41a63e9bf932ad72cb1413e,9c0fe644,2033891033202773,video_exit,3,669379,-,363372,-1,-,-
1387881728.0,20131224,K91,60bc23905d62b1cfdd1c8e40a583e718,9c0fe644,2033891033202773,video_channel_out,-1,-1,-,-1,-1,-,-
1387881730.0,20131224,K91,2c398fa69ebe3d34a9ad3ead0c8df2c2,9c0fe644,2033891033202773,launcher_vod_trailer_play,-1,-1,-,-1,-1,-,-
1387881731.0,20131224,K91,6164409abb365bd4afa91a57fd1ed57d,9c0fe644,2033891033202773,launcher_vod_click,-1,-1,-,-1,-1,-,-
1387881731.0,20131224,K91,9eeb01109d09ec92e73e2602c1c4107c,9c0fe644,2033891033202773,app_start,-1,-1,com.lenovo.dll.nebula.vod,-1,-1,-,-
1387881732.0,20131224,K91,526f07f7ddf404cc44d386a1dde5b089,9c0fe644,2033891033202773,video_channel_in,-1,-1,-,-1,-1,-,-
1387881733.0,20131224,K91,53952c046e69da2725d9a78e4662e9c0,9c0fe644,2033891033202773,video_channel_out,-1,-1,-,-1,-1,-,-
1387881735.0,20131224,K91,1cc07160e35ccec3274beabc5616d250,9c0fe644,2033891033202773,launcher_vod_trailer_play,-1,-1,-,-1,-1,-,-
1387881743.0,20131224,K91,ebe48fce3d368f0642654b872f155e7e,9c0fe644,2033891033202773,launcher_vod_trailer_play,-1,-1,-,-1,-1,-,-
1387881750.0,20131224,K91,495bbcdb802a197079a7faa96d2f80a8,9c0fe644,2033891033202773,launcher_vod_trailer_play,-1,-1,-,-1,-1,-,-
1387881756.0,20131224,K91,3291a0e250401d898502d354dffc789e,9c0fe644,2033891033202773,launcher_vod_click,-1,-1,-,-1,-1,-,-
1387881756.0,20131224,K91,690787614ad31f5ec1d08bc296164dbb,9c0fe644,2033891033202773,app_start,-1,-1,com.lenovo.dll.nebula.vod,-1,-1,-,-
1387881756.0,20131224,K91,f53cac4c3827ca8714a882e3ba44b0d2,9c0fe644,2033891033202773,video_channel_in,-1,-1,-,-1,-1,-,-
1387881760.0,20131224,K91,ca580e047730675786b6a720b42f2ba8,9c0fe644,2033891033202773,video_channel_out,-1,-1,-,-1,-1,-,-
1387881760.0,20131224,K91,a7341f64f037b83f2638f0cbc6ae8a44,9c0fe644,2033891033202773,app_start,-1,-1,com.lenovo.dll.nebula.vod,-1,-1,-,-
1387881760.0,20131224,K91,994a6a9229984d1e6af3cccbc65d2b72,9c0fe644,2033891033202773,video_start,-1,671069,-,364738,-1,-,-
1387881776.0,20131224,K91,f4ae28b12dd1e781e55d13ee7e68d9e3,9c0fe644,2033891033202773,video_except,-1,671069,servertimeout,364738,-1,-,-
1387881780.0,20131224,K91,da7b1c155418657f2134acb31e561e9f,9c0fe644,2033891033202773,video_channel_in,-1,-1,-,-1,-1,-,-
1387881782.0,20131224,K91,726ad11b74abcdf0e015f82bc6671a9b,9c0fe644,2033891033202773,video_exit,22,671069,-,364738,-1,-,-
1387881782.0,20131224,K91,f8dac6f596c4e2ad595695af25fbc3e4,9c0fe644,2033891033202773,video_channel_out,-1,-1,-,-1,-1,-,-
1387881784.0,20131224,K91,27e426c08f201b18832cfbd26cb0264b,9c0fe644,2033891033202773,launcher_vod_trailer_play,-1,-1,-,-1,-1,-,-
1387881803.0,20131224,K91,9ae9ce249abacce29912692110824c3e,9c0fe644,2033891033202773,app_start,-1,-1,com.lenovo.dc,-1,-1,-,-
1387881825.0,20131224,K91,3dc13c1bade801d774249356856573c5,9c0fe644,2033891033202773,launcher_vod_trailer_play,-1,-1,-,-1,-1,-,-
1387881831.0,20131224,K91,2fc590c7f9cc0c79e1a0c3f9efde59a5,9c0fe644,2033891033202773,launcher_vod_trailer_play,-1,-1,-,-1,-1,-,-
1387881836.0,20131224,K91,41b8026352d14526ef09db89365345b9,9c0fe644,2033891033202773,app_start,-1,-1,com.lenovo.nebula.settings,-1,-1,-,-
1387881943.0,20131224,K91,b49c1e3e4dc63f57cdbef38b74bf085a,9c0fe644,2033891033202773,launcher_vod_trailer_play,-1,-1,-,-1,-1,-,-
1387881946.0,20131224,K91,39ed83db8007629863fbc71d427142b9,9c0fe644,2033891033202773,launcher_vod_click,-1,-1,-,-1,-1,-,-
1387881947.0,20131224,K91,772094d0c78dbc64483f8ad868ef6517,9c0fe644,2033891033202773,app_start,-1,-1,com.lenovo.dll.nebula.vod,-1,-1,-,-
1387881947.0,20131224,K91,620fc8e63920ecaeb178ad1475cadbce,9c0fe644,2033891033202773,video_channel_in,-1,-1,-,-1,-1,-,-
1387881951.0,20131224,K91,d3be51e7c43282ce7a6a0b90a1329531,9c0fe644,2033891033202773,video_channel_out,-1,-1,-,-1,-1,-,-
1387881951.0,20131224,K91,7c25a90508b397e70e723725cae5ce7f,9c0fe644,2033891033202773,app_start,-1,-1,com.lenovo.dll.nebula.vod,-1,-1,-,-
1387881951.0,20131224,K91,9e9e5e6312699be5c3104fca2569280b,9c0fe644,2033891033202773,video_detail_in,-1,-1,-,363333,-1,-,-
1387881954.0,20131224,K91,dd3557d11fc55d38e550c4d26951bf03,9c0fe644,2033891033202773,app_start,-1,-1,com.lenovo.dll.nebula.vod,-1,-1,-,-
1387881955.0,20131224,K91,aa21e4e4f594cd4d1212ebf239f57fdd,9c0fe644,2033891033202773,video_start,-1,669328,-,363333,-1,-,-
1387881955.0,20131224,K91,ca8d75dc6365891cf005273a44b42156,9c0fe644,2033891033202773,video_detail_out,-1,-1,-,363333,-1,-,-
1387881970.0,20131224,K91,4bd14449e8bb1a1a2e0ea933eed306e5,9c0fe644,2033891033202773,video_except,-1,669328,servertimeout,363333,-1,-,-
1387881430.0,20131224,K91,209c65eeb05ae5e0ea3dfb6862940c35,10446f7,1278834694127267,launcher_vod_trailer_play,-1,-1,-,-1,-1,-,-
1387881436.0,20131224,K91,58f4ce8b641f523719c3d44250bf7cec,10446f7,1278834694127267,launcher_vod_click,-1,-1,-,-1,-1,-,-
1387881436.0,20131224,K91,e299008c000e863513ef46a56c49e9fc,10446f7,1278834694127267,app_start,-1,-1,com.lenovo.dll.nebula.vod,-1,-1,-,-
1387881436.0,20131224,K91,5c0648bb51af1130feb9bc1782e8b6b6,10446f7,1278834694127267,video_channel_in,-1,-1,-,-1,-1,-,-
1387881469.0,20131224,K91,888dbb335f8bbe0c776ad0ee46ba5603,10446f7,1278834694127267,video_category_out,-1,-1,-,-1,-1,-,-
1387881469.0,20131224,K91,1fb0331b4d50b23716b35b005682f7a1,10446f7,1278834694127267,video_category_in,-1,-1,-,-1,-1,-,-
1387881473.0,20131224,K91,1ded4640f71de69419f4b737ba9096aa,10446f7,1278834694127267,video_category_out,-1,-1,-,-1,-1,-,-
1387881473.0,20131224,K91,e7e1f20d6f29e5b31b3572f211f7abfc,10446f7,1278834694127267,video_category_in,-1,-1,-,-1,-1,-,-
1387881477.0,20131224,K91,f1aa7c087982f039c3c3c42f99197763,10446f7,1278834694127267,video_category_out,-1,-1,-,-1,-1,-,-
1387881477.0,20131224,K91,6e49eed786f8bae32f8905577e5db60c,10446f7,1278834694127267,video_category_in,-1,-1,-,-1,-1,-,-
1387881497.0,20131224,K91,bcd97ee922958639085301e268f2322a,10446f7,1278834694127267,video_category_out,-1,-1,-,-1,-1,-,-
1387881497.0,20131224,K91,eb5a2c9bbc7128eacadd90397309f4cf,10446f7,1278834694127267,video_category_in,-1,-1,-,-1,-1,-,-
1387881502.0,20131224,K91,6166cb1f05bb6f867bfadcfdc5489d82,10446f7,1278834694127267,video_category_out,-1,-1,-,-1,-1,-,-
1387881502.0,20131224,K91,7dcf4b18f28c21c42be05a4e95871e81,10446f7,1278834694127267,video_category_in,-1,-1,-,-1,-1,-,-
1387881509.0,20131224,K91,90d53045dcbb364988cf73807498be4c,10446f7,1278834694127267,video_channel_out,-1,-1,-,-1,-1,-,-
1387881509.0,20131224,K91,b4f5e87b69c5bb669cd6acb82faa0483,10446f7,1278834694127267,app_start,-1,-1,com.lenovo.dll.nebula.vod,-1,-1,-,-
1387881509.0,20131224,K91,ebf26006c5c89c08968452775e438dd8,10446f7,1278834694127267,video_detail_in,-1,-1,-,358758,-1,-,-
1387881519.0,20131224,K91,b99f04331eaa591e55841d1487af7ee8,10446f7,1278834694127267,video_channel_in,-1,-1,-,-1,-1,-,-
1387881520.0,20131224,K91,d852333cb231e93b453e864c1a640345,10446f7,1278834694127267,video_channel_out,-1,-1,-,-1,-1,-,-
1387881520.0,20131224,K91,68c1063787e777180fe51f438eee7b2b,10446f7,1278834694127267,video_detail_out,-1,-1,-,358758,-1,-,-
1387881522.0,20131224,K91,913d70b29f08c692b51bebd5b1f864c8,10446f7,1278834694127267,launcher_vod_trailer_play,-1,-1,-,-1,-1,-,-
1387881522.0,20131224,K91,d5c94f9b89202907395d245659bb08ea,10446f7,1278834694127267,launcher_vod_click,-1,-1,-,-1,-1,-,-
1387881522.0,20131224,K91,41ce1c4a56992fad8d83e53487d5896e,10446f7,1278834694127267,app_start,-1,-1,com.lenovo.dll.nebula.vod,-1,-1,-,-
1387881522.0,20131224,K91,d5a69b1c290491c7e97a656f69dd5b1b,10446f7,1278834694127267,video_channel_in,-1,-1,-,-1,-1,-,-
1387881531.0,20131224,K91,80888ea700eb1ccf844e876f62d37de1,10446f7,1278834694127267,video_category_out,-1,-1,-,-1,-1,-,-
1387881531.0,20131224,K91,2894091e776c9c0c02613db9cecbd1ca,10446f7,1278834694127267,video_category_in,-1,-1,-,-1,-1,-,-
1387881553.0,20131224,K91,f8957f3e4186b349b49b9dea50c43d6b,10446f7,1278834694127267,video_channel_out,-1,-1,-,-1,-1,-,-
1387881553.0,20131224,K91,abcada1dfb6a0a92c47d3904c2659e9c,10446f7,1278834694127267,app_start,-1,-1,com.lenovo.dll.nebula.vod,-1,-1,-,-
1387881554.0,20131224,K91,18a8523974a8ec5abbdeb5d865993f7b,10446f7,1278834694127267,video_detail_in,-1,-1,-,255363,-1,-,-
1387881560.0,20131224,K91,92b7243dfd5cdc238b06c2e2a5752dc1,10446f7,1278834694127267,app_start,-1,-1,com.lenovo.dll.nebula.vod,-1,-1,-,-
1387881560.0,20131224,K91,4a0645eddb44393438015d0a1719a410,10446f7,1278834694127267,video_start,-1,571934,-,255363,170438,-,-
1387881560.0,20131224,K91,9fc15d34476ebfb894078b76d8a1f37d,10446f7,1278834694127267,video_detail_out,-1,-1,-,255363,-1,-,-
1387881562.0,20131224,K91,56c20746c0d87dde27d1f6649589fb0e,10446f7,1278834694127267,video_play_load,2,571934,-,255363,170438,122.72.17.201,-
1387881562.0,20131224,K91,7b70672112585986cd3e6196cae1ef16,10446f7,1278834694127267,video_play_continue,-1,571934,-,255363,170438,-,-
1387881563.0,20131224,K91,109f6fc6296c4355eac4c7353c391ecd,10446f7,1278834694127267,video_play_blockend,-1,571934,-,255363,170438,122.72.17.201,-
1387881563.0,20131224,K91,ca3f2f7f8d6836c37aea87b9975c8d44,10446f7,1278834694127267,video_play_start,-1,571934,-,255363,170438,-,-
1387881567.0,20131224,K91,47de9616f553edc407cb21d486938943,10446f7,1278834694127267,video_play_speed,-1,571934,-,255363,170438,122.72.17.201,-
1387880906.0,20131224,K91,c257423a1953a66020797b6e18683f35,ce01dba5,1050544229104438,video_exit,444,316999,-,44554,98849,-,-
1387880906.0,20131224,K91,d9e8e695f9b21cd39f29df64aed941a6,ce01dba5,1050544229104438,video_history,-1,-1,-,98849,44554,-,-
1387880906.0,20131224,K91,5690d8274d029784d5373de7b87a328a,ce01dba5,1050544229104438,video_start,-1,210717,-,44554,73467,-,-
1387880908.0,20131224,K91,99600407923f7786ea30f996651a147a,ce01dba5,1050544229104438,video_play_load,2,210717,-,44554,73467,61.164.241.60,网宿
1387880908.0,20131224,K91,c39135d9059de79e17a314e1e865a5e7,ce01dba5,1050544229104438,video_play_continue,-1,210717,-,44554,73467,-,-
1387880908.0,20131224,K91,e3826af494f640a6569f88f5a3297e5a,ce01dba5,1050544229104438,video_play_start,-1,210717,-,44554,73467,-,-
1387880913.0,20131224,K91,8d9884a32cc9afaea6d8ee62b51d2d7b,ce01dba5,1050544229104438,video_play_speed,-1,210717,-,44554,73467,61.164.241.60,网宿
1387881332.0,20131224,K91,3488249e4d410afff20264a660b2b918,ce01dba5,1050544229104438,video_exit,426,210717,-,44554,73467,-,-
1387881332.0,20131224,K91,6a1d0703c84113512060999a82618aeb,ce01dba5,1050544229104438,video_start,-1,317000,-,44554,98850,-,-
1387881332.0,20131224,K91,8b2cc8a750aefad8f94771f16b850e46,ce01dba5,1050544229104438,video_history,-1,-1,-,73467,44554,-,-
1387881333.0,20131224,K91,ce7364bfd3e0d910137c58a3efd62a47,ce01dba5,1050544229104438,video_play_load,1,317000,-,44554,98850,61.164.241.60,网宿
1387881333.0,20131224,K91,a6e45e98a7352b9286fc748b8b8fdf39,ce01dba5,1050544229104438,video_play_continue,-1,317000,-,44554,98850,-,-
1387881334.0,20131224,K91,5d44e6ca789c7c24985aa7ff54e7ab38,ce01dba5,1050544229104438,video_play_start,-1,317000,-,44554,98850,-,-
1387881339.0,20131224,K91,ba96d5c86f67ddcd310536f624f051d0,ce01dba5,1050544229104438,video_play_speed,-1,317000,-,44554,98850,61.164.241.60,网宿
1387881758.0,20131224,K91,e67329b13665281b787e869822ca3d8c,ce01dba5,1050544229104438,video_exit,426,317000,-,44554,98850,-,-
1387881758.0,20131224,K91,e1738f950e9a6dc4290e2822138369cf,ce01dba5,1050544229104438,video_start,-1,210718,-,44554,73468,-,-
